{"C:\\User\\Project_web\\kantin\\backend\\config\\db.js": {"path":"C:\\User\\Project_web\\kantin\\backend\\config\\db.js","statementMap":{"0":{"start":{"line":1,"column":22},"end":{"line":1,"column":42}},"1":{"start":{"line":2,"column":0},"end":{"line":2,"column":27}},"2":{"start":{"line":5,"column":18},"end":{"line":14,"column":1}},"3":{"start":{"line":17,"column":18},"end":{"line":29,"column":1}},"4":{"start":{"line":18,"column":2},"end":{"line":28,"column":3}},"5":{"start":{"line":19,"column":4},"end":{"line":19,"column":35}},"6":{"start":{"line":20,"column":4},"end":{"line":20,"column":65}},"7":{"start":{"line":23,"column":4},"end":{"line":23,"column":57}},"8":{"start":{"line":24,"column":4},"end":{"line":24,"column":51}},"9":{"start":{"line":26,"column":4},"end":{"line":26,"column":62}},"10":{"start":{"line":32,"column":0},"end":{"line":32,"column":42}}},"fnMap":{"0":{"name":"(anonymous_0)","decl":{"start":{"line":17,"column":18},"end":{"line":17,"column":19}},"loc":{"start":{"line":17,"column":30},"end":{"line":29,"column":1}},"line":17}},"branchMap":{},"s":{"0":3,"1":3,"2":3,"3":3,"4":3,"5":3,"6":3,"7":3,"8":3,"9":0,"10":3},"f":{"0":3},"b":{},"_coverageSchema":"1a1c01bbd47fc00a2c39e90264f33305004495a9","hash":"c7d8bec42d8f1760ad62eccdf93d9d37270fd139"}
,"C:\\User\\Project_web\\kantin\\backend\\controllers\\menuController.js": {"path":"C:\\User\\Project_web\\kantin\\backend\\controllers\\menuController.js","statementMap":{"0":{"start":{"line":1,"column":13},"end":{"line":1,"column":38}},"1":{"start":{"line":2,"column":15},"end":{"line":2,"column":42}},"2":{"start":{"line":3,"column":13},"end":{"line":3,"column":38}},"3":{"start":{"line":6,"column":0},"end":{"line":29,"column":2}},"4":{"start":{"line":7,"column":4},"end":{"line":28,"column":5}},"5":{"start":{"line":8,"column":31},"end":{"line":8,"column":40}},"6":{"start":{"line":9,"column":24},"end":{"line":9,"column":26}},"7":{"start":{"line":12,"column":8},"end":{"line":14,"column":9}},"8":{"start":{"line":13,"column":12},"end":{"line":13,"column":62}},"9":{"start":{"line":17,"column":24},"end":{"line":23,"column":10}},"10":{"start":{"line":24,"column":8},"end":{"line":24,"column":26}},"11":{"start":{"line":26,"column":8},"end":{"line":26,"column":52}},"12":{"start":{"line":27,"column":8},"end":{"line":27,"column":71}},"13":{"start":{"line":36,"column":0},"end":{"line":55,"column":2}},"14":{"start":{"line":37,"column":4},"end":{"line":54,"column":5}},"15":{"start":{"line":38,"column":23},"end":{"line":38,"column":33}},"16":{"start":{"line":39,"column":23},"end":{"line":44,"column":10}},"17":{"start":{"line":46,"column":8},"end":{"line":48,"column":9}},"18":{"start":{"line":47,"column":12},"end":{"line":47,"column":77}},"19":{"start":{"line":50,"column":8},"end":{"line":50,"column":25}},"20":{"start":{"line":52,"column":8},"end":{"line":52,"column":58}},"21":{"start":{"line":53,"column":8},"end":{"line":53,"column":73}},"22":{"start":{"line":58,"column":0},"end":{"line":78,"column":2}},"23":{"start":{"line":59,"column":4},"end":{"line":77,"column":5}},"24":{"start":{"line":60,"column":23},"end":{"line":60,"column":33}},"25":{"start":{"line":63,"column":24},"end":{"line":71,"column":10}},"26":{"start":{"line":73,"column":8},"end":{"line":73,"column":26}},"27":{"start":{"line":75,"column":8},"end":{"line":75,"column":63}},"28":{"start":{"line":76,"column":8},"end":{"line":76,"column":73}},"29":{"start":{"line":81,"column":0},"end":{"line":103,"column":2}},"30":{"start":{"line":82,"column":4},"end":{"line":102,"column":5}},"31":{"start":{"line":83,"column":23},"end":{"line":83,"column":33}},"32":{"start":{"line":84,"column":61},"end":{"line":84,"column":69}},"33":{"start":{"line":86,"column":8},"end":{"line":88,"column":9}},"34":{"start":{"line":87,"column":12},"end":{"line":87,"column":99}},"35":{"start":{"line":90,"column":26},"end":{"line":96,"column":10}},"36":{"start":{"line":98,"column":8},"end":{"line":98,"column":90}},"37":{"start":{"line":100,"column":8},"end":{"line":100,"column":54}},"38":{"start":{"line":101,"column":8},"end":{"line":101,"column":83}},"39":{"start":{"line":110,"column":0},"end":{"line":126,"column":2}},"40":{"start":{"line":111,"column":4},"end":{"line":125,"column":5}},"41":{"start":{"line":112,"column":75},"end":{"line":112,"column":83}},"42":{"start":{"line":115,"column":8},"end":{"line":117,"column":9}},"43":{"start":{"line":116,"column":12},"end":{"line":116,"column":92}},"44":{"start":{"line":119,"column":8},"end":{"line":119,"column":86}},"45":{"start":{"line":121,"column":8},"end":{"line":121,"column":87}},"46":{"start":{"line":123,"column":8},"end":{"line":123,"column":50}},"47":{"start":{"line":124,"column":8},"end":{"line":124,"column":81}},"48":{"start":{"line":129,"column":0},"end":{"line":149,"column":2}},"49":{"start":{"line":130,"column":4},"end":{"line":148,"column":5}},"50":{"start":{"line":131,"column":46},"end":{"line":131,"column":54}},"51":{"start":{"line":133,"column":30},"end":{"line":138,"column":10}},"52":{"start":{"line":140,"column":8},"end":{"line":142,"column":9}},"53":{"start":{"line":141,"column":12},"end":{"line":141,"column":113}},"54":{"start":{"line":144,"column":8},"end":{"line":144,"column":74}},"55":{"start":{"line":146,"column":8},"end":{"line":146,"column":50}},"56":{"start":{"line":147,"column":8},"end":{"line":147,"column":79}},"57":{"start":{"line":152,"column":0},"end":{"line":177,"column":2}},"58":{"start":{"line":153,"column":4},"end":{"line":176,"column":5}},"59":{"start":{"line":155,"column":31},"end":{"line":155,"column":39}},"60":{"start":{"line":157,"column":8},"end":{"line":159,"column":9}},"61":{"start":{"line":158,"column":12},"end":{"line":158,"column":95}},"62":{"start":{"line":161,"column":28},"end":{"line":166,"column":10}},"63":{"start":{"line":168,"column":8},"end":{"line":170,"column":9}},"64":{"start":{"line":169,"column":12},"end":{"line":169,"column":113}},"65":{"start":{"line":172,"column":8},"end":{"line":172,"column":71}},"66":{"start":{"line":174,"column":8},"end":{"line":174,"column":50}},"67":{"start":{"line":175,"column":8},"end":{"line":175,"column":82}}},"fnMap":{"0":{"name":"(anonymous_0)","decl":{"start":{"line":6,"column":21},"end":{"line":6,"column":22}},"loc":{"start":{"line":6,"column":41},"end":{"line":29,"column":1}},"line":6},"1":{"name":"(anonymous_1)","decl":{"start":{"line":36,"column":22},"end":{"line":36,"column":23}},"loc":{"start":{"line":36,"column":42},"end":{"line":55,"column":1}},"line":36},"2":{"name":"(anonymous_2)","decl":{"start":{"line":58,"column":27},"end":{"line":58,"column":28}},"loc":{"start":{"line":58,"column":47},"end":{"line":78,"column":1}},"line":58},"3":{"name":"(anonymous_3)","decl":{"start":{"line":81,"column":20},"end":{"line":81,"column":21}},"loc":{"start":{"line":81,"column":40},"end":{"line":103,"column":1}},"line":81},"4":{"name":"(anonymous_4)","decl":{"start":{"line":110,"column":21},"end":{"line":110,"column":22}},"loc":{"start":{"line":110,"column":41},"end":{"line":126,"column":1}},"line":110},"5":{"name":"(anonymous_5)","decl":{"start":{"line":129,"column":21},"end":{"line":129,"column":22}},"loc":{"start":{"line":129,"column":41},"end":{"line":149,"column":1}},"line":129},"6":{"name":"(anonymous_6)","decl":{"start":{"line":152,"column":21},"end":{"line":152,"column":22}},"loc":{"start":{"line":152,"column":41},"end":{"line":177,"column":1}},"line":152}},"branchMap":{"0":{"loc":{"start":{"line":12,"column":8},"end":{"line":14,"column":9}},"type":"if","locations":[{"start":{"line":12,"column":8},"end":{"line":14,"column":9}},{"start":{},"end":{}}],"line":12},"1":{"loc":{"start":{"line":46,"column":8},"end":{"line":48,"column":9}},"type":"if","locations":[{"start":{"line":46,"column":8},"end":{"line":48,"column":9}},{"start":{},"end":{}}],"line":46},"2":{"loc":{"start":{"line":86,"column":8},"end":{"line":88,"column":9}},"type":"if","locations":[{"start":{"line":86,"column":8},"end":{"line":88,"column":9}},{"start":{},"end":{}}],"line":86},"3":{"loc":{"start":{"line":86,"column":12},"end":{"line":86,"column":49}},"type":"binary-expr","locations":[{"start":{"line":86,"column":12},"end":{"line":86,"column":23}},{"start":{"line":86,"column":27},"end":{"line":86,"column":38}},{"start":{"line":86,"column":42},"end":{"line":86,"column":49}}],"line":86},"4":{"loc":{"start":{"line":115,"column":8},"end":{"line":117,"column":9}},"type":"if","locations":[{"start":{"line":115,"column":8},"end":{"line":117,"column":9}},{"start":{},"end":{}}],"line":115},"5":{"loc":{"start":{"line":115,"column":12},"end":{"line":115,"column":39}},"type":"binary-expr","locations":[{"start":{"line":115,"column":12},"end":{"line":115,"column":24}},{"start":{"line":115,"column":28},"end":{"line":115,"column":39}}],"line":115},"6":{"loc":{"start":{"line":140,"column":8},"end":{"line":142,"column":9}},"type":"if","locations":[{"start":{"line":140,"column":8},"end":{"line":142,"column":9}},{"start":{},"end":{}}],"line":140},"7":{"loc":{"start":{"line":157,"column":8},"end":{"line":159,"column":9}},"type":"if","locations":[{"start":{"line":157,"column":8},"end":{"line":159,"column":9}},{"start":{},"end":{}}],"line":157},"8":{"loc":{"start":{"line":168,"column":8},"end":{"line":170,"column":9}},"type":"if","locations":[{"start":{"line":168,"column":8},"end":{"line":170,"column":9}},{"start":{},"end":{}}],"line":168}},"s":{"0":3,"1":3,"2":3,"3":3,"4":2,"5":2,"6":2,"7":2,"8":0,"9":2,"10":2,"11":0,"12":0,"13":3,"14":2,"15":2,"16":2,"17":2,"18":1,"19":1,"20":0,"21":0,"22":3,"23":0,"24":0,"25":0,"26":0,"27":0,"28":0,"29":3,"30":0,"31":0,"32":0,"33":0,"34":0,"35":0,"36":0,"37":0,"38":0,"39":3,"40":2,"41":2,"42":2,"43":1,"44":1,"45":1,"46":0,"47":0,"48":3,"49":0,"50":0,"51":0,"52":0,"53":0,"54":0,"55":0,"56":0,"57":3,"58":1,"59":1,"60":1,"61":0,"62":1,"63":1,"64":1,"65":0,"66":0,"67":0},"f":{"0":2,"1":2,"2":0,"3":0,"4":2,"5":0,"6":1},"b":{"0":[0,2],"1":[1,1],"2":[0,0],"3":[0,0,0],"4":[1,1],"5":[2,1],"6":[0,0],"7":[0,1],"8":[1,0]},"_coverageSchema":"1a1c01bbd47fc00a2c39e90264f33305004495a9","hash":"4a7a7ff105d466d4830f7ae60afdde7a3b3c9bd0"}
,"C:\\User\\Project_web\\kantin\\backend\\middleware\\auth.js": {"path":"C:\\User\\Project_web\\kantin\\backend\\middleware\\auth.js","statementMap":{"0":{"start":{"line":1,"column":12},"end":{"line":1,"column":35}},"1":{"start":{"line":4,"column":20},"end":{"line":24,"column":1}},"2":{"start":{"line":5,"column":23},"end":{"line":5,"column":51}},"3":{"start":{"line":6,"column":18},"end":{"line":6,"column":56}},"4":{"start":{"line":8,"column":4},"end":{"line":8,"column":92}},"5":{"start":{"line":8,"column":16},"end":{"line":8,"column":92}},"6":{"start":{"line":10,"column":4},"end":{"line":23,"column":7}},"7":{"start":{"line":11,"column":8},"end":{"line":20,"column":9}},"8":{"start":{"line":13,"column":12},"end":{"line":18,"column":13}},"9":{"start":{"line":14,"column":16},"end":{"line":17,"column":19}},"10":{"start":{"line":19,"column":12},"end":{"line":19,"column":75}},"11":{"start":{"line":21,"column":8},"end":{"line":21,"column":27}},"12":{"start":{"line":22,"column":8},"end":{"line":22,"column":15}},"13":{"start":{"line":27,"column":19},"end":{"line":42,"column":1}},"14":{"start":{"line":28,"column":4},"end":{"line":41,"column":6}},"15":{"start":{"line":29,"column":8},"end":{"line":31,"column":9}},"16":{"start":{"line":30,"column":12},"end":{"line":30,"column":72}},"17":{"start":{"line":33,"column":8},"end":{"line":38,"column":9}},"18":{"start":{"line":34,"column":12},"end":{"line":37,"column":15}},"19":{"start":{"line":40,"column":8},"end":{"line":40,"column":15}},"20":{"start":{"line":44,"column":0},"end":{"line":44,"column":45}}},"fnMap":{"0":{"name":"(anonymous_0)","decl":{"start":{"line":4,"column":20},"end":{"line":4,"column":21}},"loc":{"start":{"line":4,"column":40},"end":{"line":24,"column":1}},"line":4},"1":{"name":"(anonymous_1)","decl":{"start":{"line":10,"column":66},"end":{"line":10,"column":67}},"loc":{"start":{"line":10,"column":84},"end":{"line":23,"column":5}},"line":10},"2":{"name":"(anonymous_2)","decl":{"start":{"line":27,"column":19},"end":{"line":27,"column":20}},"loc":{"start":{"line":27,"column":37},"end":{"line":42,"column":1}},"line":27},"3":{"name":"(anonymous_3)","decl":{"start":{"line":28,"column":11},"end":{"line":28,"column":12}},"loc":{"start":{"line":28,"column":31},"end":{"line":41,"column":5}},"line":28}},"branchMap":{"0":{"loc":{"start":{"line":6,"column":18},"end":{"line":6,"column":56}},"type":"binary-expr","locations":[{"start":{"line":6,"column":18},"end":{"line":6,"column":28}},{"start":{"line":6,"column":32},"end":{"line":6,"column":56}}],"line":6},"1":{"loc":{"start":{"line":8,"column":4},"end":{"line":8,"column":92}},"type":"if","locations":[{"start":{"line":8,"column":4},"end":{"line":8,"column":92}},{"start":{},"end":{}}],"line":8},"2":{"loc":{"start":{"line":10,"column":22},"end":{"line":10,"column":64}},"type":"binary-expr","locations":[{"start":{"line":10,"column":22},"end":{"line":10,"column":44}},{"start":{"line":10,"column":48},"end":{"line":10,"column":64}}],"line":10},"3":{"loc":{"start":{"line":11,"column":8},"end":{"line":20,"column":9}},"type":"if","locations":[{"start":{"line":11,"column":8},"end":{"line":20,"column":9}},{"start":{},"end":{}}],"line":11},"4":{"loc":{"start":{"line":13,"column":12},"end":{"line":18,"column":13}},"type":"if","locations":[{"start":{"line":13,"column":12},"end":{"line":18,"column":13}},{"start":{},"end":{}}],"line":13},"5":{"loc":{"start":{"line":29,"column":8},"end":{"line":31,"column":9}},"type":"if","locations":[{"start":{"line":29,"column":8},"end":{"line":31,"column":9}},{"start":{},"end":{}}],"line":29},"6":{"loc":{"start":{"line":33,"column":8},"end":{"line":38,"column":9}},"type":"if","locations":[{"start":{"line":33,"column":8},"end":{"line":38,"column":9}},{"start":{},"end":{}}],"line":33}},"s":{"0":3,"1":3,"2":10,"3":10,"4":10,"5":4,"6":6,"7":6,"8":0,"9":0,"10":0,"11":6,"12":6,"13":3,"14":0,"15":0,"16":0,"17":0,"18":0,"19":0,"20":3},"f":{"0":10,"1":6,"2":0,"3":0},"b":{"0":[10,6],"1":[4,6],"2":[6,6],"3":[0,6],"4":[0,0],"5":[0,0],"6":[0,0]},"_coverageSchema":"1a1c01bbd47fc00a2c39e90264f33305004495a9","hash":"9bd2580323aeb2860b183a683e801abe3eb82f2b"}
,"C:\\User\\Project_web\\kantin\\backend\\models\\Menu.js": {"path":"C:\\User\\Project_web\\kantin\\backend\\models\\Menu.js","statementMap":{"0":{"start":{"line":1,"column":22},"end":{"line":1,"column":42}},"1":{"start":{"line":2,"column":22},"end":{"line":2,"column":45}},"2":{"start":{"line":4,"column":13},"end":{"line":39,"column":2}},"3":{"start":{"line":42,"column":13},"end":{"line":42,"column":30}},"4":{"start":{"line":45,"column":0},"end":{"line":45,"column":51}},"5":{"start":{"line":48,"column":0},"end":{"line":48,"column":49}},"6":{"start":{"line":50,"column":0},"end":{"line":50,"column":22}}},"fnMap":{},"branchMap":{},"s":{"0":3,"1":3,"2":3,"3":3,"4":3,"5":3,"6":3},"f":{},"b":{},"_coverageSchema":"1a1c01bbd47fc00a2c39e90264f33305004495a9","hash":"a7de47f68c198ff9514a4265aab2c4c98407c60d"}
,"C:\\User\\Project_web\\kantin\\backend\\models\\Order.js": {"path":"C:\\User\\Project_web\\kantin\\backend\\models\\Order.js","statementMap":{"0":{"start":{"line":1,"column":22},"end":{"line":1,"column":42}},"1":{"start":{"line":2,"column":22},"end":{"line":2,"column":45}},"2":{"start":{"line":3,"column":13},"end":{"line":3,"column":30}},"3":{"start":{"line":4,"column":13},"end":{"line":4,"column":30}},"4":{"start":{"line":5,"column":15},"end":{"line":5,"column":34}},"5":{"start":{"line":7,"column":14},"end":{"line":40,"column":2}},"6":{"start":{"line":43,"column":0},"end":{"line":43,"column":67}},"7":{"start":{"line":44,"column":0},"end":{"line":44,"column":67}},"8":{"start":{"line":45,"column":0},"end":{"line":45,"column":61}},"9":{"start":{"line":48,"column":0},"end":{"line":48,"column":65}},"10":{"start":{"line":50,"column":0},"end":{"line":50,"column":23}}},"fnMap":{},"branchMap":{},"s":{"0":3,"1":3,"2":3,"3":3,"4":3,"5":3,"6":3,"7":3,"8":3,"9":3,"10":3},"f":{},"b":{},"_coverageSchema":"1a1c01bbd47fc00a2c39e90264f33305004495a9","hash":"67e211b8a27a3e5b92f3d8b03465704422a4df25"}
,"C:\\User\\Project_web\\kantin\\backend\\models\\Review.js": {"path":"C:\\User\\Project_web\\kantin\\backend\\models\\Review.js","statementMap":{"0":{"start":{"line":1,"column":22},"end":{"line":1,"column":42}},"1":{"start":{"line":2,"column":22},"end":{"line":2,"column":45}},"2":{"start":{"line":3,"column":13},"end":{"line":3,"column":30}},"3":{"start":{"line":5,"column":15},"end":{"line":46,"column":2}},"4":{"start":{"line":49,"column":0},"end":{"line":49,"column":68}},"5":{"start":{"line":51,"column":0},"end":{"line":51,"column":24}}},"fnMap":{},"branchMap":{},"s":{"0":3,"1":3,"2":3,"3":3,"4":3,"5":3},"f":{},"b":{},"_coverageSchema":"1a1c01bbd47fc00a2c39e90264f33305004495a9","hash":"1a36976e3719e909aff98756fc65941d7ac54b4f"}
,"C:\\User\\Project_web\\kantin\\backend\\models\\Topup.js": {"path":"C:\\User\\Project_web\\kantin\\backend\\models\\Topup.js","statementMap":{"0":{"start":{"line":1,"column":22},"end":{"line":1,"column":42}},"1":{"start":{"line":2,"column":22},"end":{"line":2,"column":45}},"2":{"start":{"line":3,"column":13},"end":{"line":3,"column":30}},"3":{"start":{"line":5,"column":14},"end":{"line":38,"column":2}},"4":{"start":{"line":41,"column":0},"end":{"line":41,"column":61}},"5":{"start":{"line":43,"column":0},"end":{"line":43,"column":23}}},"fnMap":{},"branchMap":{},"s":{"0":3,"1":3,"2":3,"3":3,"4":3,"5":3},"f":{},"b":{},"_coverageSchema":"1a1c01bbd47fc00a2c39e90264f33305004495a9","hash":"c84e637123c7e66ac80fd94a3e049cb54e23f00c"}
,"C:\\User\\Project_web\\kantin\\backend\\models\\User.js": {"path":"C:\\User\\Project_web\\kantin\\backend\\models\\User.js","statementMap":{"0":{"start":{"line":1,"column":22},"end":{"line":1,"column":42}},"1":{"start":{"line":2,"column":22},"end":{"line":2,"column":45}},"2":{"start":{"line":4,"column":13},"end":{"line":45,"column":2}},"3":{"start":{"line":47,"column":0},"end":{"line":47,"column":22}}},"fnMap":{},"branchMap":{},"s":{"0":3,"1":3,"2":3,"3":3},"f":{},"b":{},"_coverageSchema":"1a1c01bbd47fc00a2c39e90264f33305004495a9","hash":"6fccec817c62880b41acbe8bdd09871a328c352c"}
,"C:\\User\\Project_web\\kantin\\backend\\routes\\menuRoutes.js": {"path":"C:\\User\\Project_web\\kantin\\backend\\routes\\menuRoutes.js","statementMap":{"0":{"start":{"line":1,"column":16},"end":{"line":1,"column":34}},"1":{"start":{"line":2,"column":15},"end":{"line":2,"column":31}},"2":{"start":{"line":5,"column":23},"end":{"line":5,"column":63}},"3":{"start":{"line":6,"column":24},"end":{"line":6,"column":53}},"4":{"start":{"line":9,"column":0},"end":{"line":9,"column":43}},"5":{"start":{"line":16,"column":0},"end":{"line":16,"column":47}},"6":{"start":{"line":19,"column":0},"end":{"line":19,"column":60}},"7":{"start":{"line":22,"column":0},"end":{"line":22,"column":67}},"8":{"start":{"line":29,"column":0},"end":{"line":29,"column":57}},"9":{"start":{"line":32,"column":0},"end":{"line":32,"column":59}},"10":{"start":{"line":35,"column":0},"end":{"line":35,"column":62}},"11":{"start":{"line":37,"column":0},"end":{"line":37,"column":24}}},"fnMap":{},"branchMap":{},"s":{"0":3,"1":3,"2":3,"3":3,"4":3,"5":3,"6":3,"7":3,"8":3,"9":3,"10":3,"11":3},"f":{},"b":{},"_coverageSchema":"1a1c01bbd47fc00a2c39e90264f33305004495a9","hash":"3a81d28a064b6e3c9ee699a9e4b177f1c11fac50"}
,"C:\\User\\Project_web\\kantin\\backend\\routes\\midtransRoutes.js": {"path":"C:\\User\\Project_web\\kantin\\backend\\routes\\midtransRoutes.js","statementMap":{"0":{"start":{"line":1,"column":16},"end":{"line":1,"column":34}},"1":{"start":{"line":2,"column":16},"end":{"line":2,"column":32}},"2":{"start":{"line":3,"column":27},"end":{"line":3,"column":71}},"3":{"start":{"line":4,"column":24},"end":{"line":4,"column":53}},"4":{"start":{"line":8,"column":0},"end":{"line":8,"column":91}},"5":{"start":{"line":12,"column":0},"end":{"line":12,"column":76}},"6":{"start":{"line":16,"column":0},"end":{"line":16,"column":93}},"7":{"start":{"line":18,"column":0},"end":{"line":18,"column":24}}},"fnMap":{},"branchMap":{},"s":{"0":3,"1":3,"2":3,"3":3,"4":3,"5":3,"6":3,"7":3},"f":{},"b":{},"_coverageSchema":"1a1c01bbd47fc00a2c39e90264f33305004495a9","hash":"0d0f9e6ec8a5f0831d8220468b08ec0871101748"}
,"C:\\User\\Project_web\\kantin\\backend\\routes\\orderRoutes.js": {"path":"C:\\User\\Project_web\\kantin\\backend\\routes\\orderRoutes.js","statementMap":{"0":{"start":{"line":1,"column":16},"end":{"line":1,"column":34}},"1":{"start":{"line":2,"column":15},"end":{"line":2,"column":31}},"2":{"start":{"line":5,"column":24},"end":{"line":5,"column":65}},"3":{"start":{"line":6,"column":24},"end":{"line":6,"column":53}},"4":{"start":{"line":9,"column":0},"end":{"line":9,"column":64}},"5":{"start":{"line":12,"column":0},"end":{"line":12,"column":69}},"6":{"start":{"line":14,"column":0},"end":{"line":14,"column":78}},"7":{"start":{"line":15,"column":0},"end":{"line":15,"column":77}},"8":{"start":{"line":16,"column":0},"end":{"line":16,"column":75}},"9":{"start":{"line":21,"column":0},"end":{"line":21,"column":76}},"10":{"start":{"line":26,"column":0},"end":{"line":26,"column":75}},"11":{"start":{"line":28,"column":0},"end":{"line":28,"column":24}}},"fnMap":{},"branchMap":{},"s":{"0":3,"1":3,"2":3,"3":3,"4":3,"5":3,"6":3,"7":3,"8":3,"9":3,"10":3,"11":3},"f":{},"b":{},"_coverageSchema":"1a1c01bbd47fc00a2c39e90264f33305004495a9","hash":"fe2bc763d119fe4ec58849855d2aebcf1c7dddf6"}
,"C:\\User\\Project_web\\kantin\\backend\\routes\\topupRoutes.js": {"path":"C:\\User\\Project_web\\kantin\\backend\\routes\\topupRoutes.js","statementMap":{"0":{"start":{"line":1,"column":16},"end":{"line":1,"column":34}},"1":{"start":{"line":2,"column":15},"end":{"line":2,"column":31}},"2":{"start":{"line":3,"column":24},"end":{"line":3,"column":65}},"3":{"start":{"line":4,"column":24},"end":{"line":4,"column":53}},"4":{"start":{"line":7,"column":0},"end":{"line":7,"column":79}},"5":{"start":{"line":10,"column":0},"end":{"line":10,"column":90}},"6":{"start":{"line":13,"column":0},"end":{"line":13,"column":84}},"7":{"start":{"line":16,"column":0},"end":{"line":16,"column":85}},"8":{"start":{"line":19,"column":0},"end":{"line":19,"column":80}},"9":{"start":{"line":22,"column":0},"end":{"line":22,"column":92}},"10":{"start":{"line":25,"column":0},"end":{"line":25,"column":78}},"11":{"start":{"line":28,"column":0},"end":{"line":28,"column":76}},"12":{"start":{"line":30,"column":0},"end":{"line":30,"column":24}}},"fnMap":{},"branchMap":{},"s":{"0":3,"1":3,"2":3,"3":3,"4":3,"5":3,"6":3,"7":3,"8":3,"9":3,"10":3,"11":3,"12":3},"f":{},"b":{},"_coverageSchema":"1a1c01bbd47fc00a2c39e90264f33305004495a9","hash":"af95df6b70fd3193decc90518e2823f949eae433"}
}
