TN:
SF:config\db.js
FN:17,(anonymous_0)
FNF:1
FNH:1
FNDA:3,(anonymous_0)
DA:1,3
DA:2,3
DA:5,3
DA:17,3
DA:18,3
DA:19,3
DA:20,3
DA:23,3
DA:24,3
DA:26,0
DA:32,3
LF:11
LH:10
BRF:0
BRH:0
end_of_record
TN:
SF:controllers\menuController.js
FN:6,(anonymous_0)
FN:36,(anonymous_1)
FN:58,(anonymous_2)
FN:81,(anonymous_3)
FN:110,(anonymous_4)
FN:129,(anonymous_5)
FN:152,(anonymous_6)
FNF:7
FNH:4
FNDA:2,(anonymous_0)
FNDA:2,(anonymous_1)
FNDA:0,(anonymous_2)
FNDA:0,(anonymous_3)
FNDA:2,(anonymous_4)
FNDA:0,(anonymous_5)
FNDA:1,(anonymous_6)
DA:1,3
DA:2,3
DA:3,3
DA:6,3
DA:7,2
DA:8,2
DA:9,2
DA:12,2
DA:13,0
DA:17,2
DA:24,2
DA:26,0
DA:27,0
DA:36,3
DA:37,2
DA:38,2
DA:39,2
DA:46,2
DA:47,1
DA:50,1
DA:52,0
DA:53,0
DA:58,3
DA:59,0
DA:60,0
DA:63,0
DA:73,0
DA:75,0
DA:76,0
DA:81,3
DA:82,0
DA:83,0
DA:84,0
DA:86,0
DA:87,0
DA:90,0
DA:98,0
DA:100,0
DA:101,0
DA:110,3
DA:111,2
DA:112,2
DA:115,2
DA:116,1
DA:119,1
DA:121,1
DA:123,0
DA:124,0
DA:129,3
DA:130,0
DA:131,0
DA:133,0
DA:140,0
DA:141,0
DA:144,0
DA:146,0
DA:147,0
DA:152,3
DA:153,1
DA:155,1
DA:157,1
DA:158,0
DA:161,1
DA:168,1
DA:169,1
DA:172,0
DA:174,0
DA:175,0
LF:68
LH:34
BRDA:12,0,0,0
BRDA:12,0,1,2
BRDA:46,1,0,1
BRDA:46,1,1,1
BRDA:86,2,0,0
BRDA:86,2,1,0
BRDA:86,3,0,0
BRDA:86,3,1,0
BRDA:86,3,2,0
BRDA:115,4,0,1
BRDA:115,4,1,1
BRDA:115,5,0,2
BRDA:115,5,1,1
BRDA:140,6,0,0
BRDA:140,6,1,0
BRDA:157,7,0,0
BRDA:157,7,1,1
BRDA:168,8,0,1
BRDA:168,8,1,0
BRF:19
BRH:9
end_of_record
TN:
SF:middleware\auth.js
FN:4,(anonymous_0)
FN:10,(anonymous_1)
FN:27,(anonymous_2)
FN:28,(anonymous_3)
FNF:4
FNH:2
FNDA:10,(anonymous_0)
FNDA:6,(anonymous_1)
FNDA:0,(anonymous_2)
FNDA:0,(anonymous_3)
DA:1,3
DA:4,3
DA:5,10
DA:6,10
DA:8,10
DA:10,6
DA:11,6
DA:13,0
DA:14,0
DA:19,0
DA:21,6
DA:22,6
DA:27,3
DA:28,0
DA:29,0
DA:30,0
DA:33,0
DA:34,0
DA:40,0
DA:44,3
LF:20
LH:11
BRDA:6,0,0,10
BRDA:6,0,1,6
BRDA:8,1,0,4
BRDA:8,1,1,6
BRDA:10,2,0,6
BRDA:10,2,1,6
BRDA:11,3,0,0
BRDA:11,3,1,6
BRDA:13,4,0,0
BRDA:13,4,1,0
BRDA:29,5,0,0
BRDA:29,5,1,0
BRDA:33,6,0,0
BRDA:33,6,1,0
BRF:14
BRH:7
end_of_record
TN:
SF:models\Menu.js
FNF:0
FNH:0
DA:1,3
DA:2,3
DA:4,3
DA:42,3
DA:45,3
DA:48,3
DA:50,3
LF:7
LH:7
BRF:0
BRH:0
end_of_record
TN:
SF:models\Order.js
FNF:0
FNH:0
DA:1,3
DA:2,3
DA:3,3
DA:4,3
DA:5,3
DA:7,3
DA:43,3
DA:44,3
DA:45,3
DA:48,3
DA:50,3
LF:11
LH:11
BRF:0
BRH:0
end_of_record
TN:
SF:models\Review.js
FNF:0
FNH:0
DA:1,3
DA:2,3
DA:3,3
DA:5,3
DA:49,3
DA:51,3
LF:6
LH:6
BRF:0
BRH:0
end_of_record
TN:
SF:models\Topup.js
FNF:0
FNH:0
DA:1,3
DA:2,3
DA:3,3
DA:5,3
DA:41,3
DA:43,3
LF:6
LH:6
BRF:0
BRH:0
end_of_record
TN:
SF:models\User.js
FNF:0
FNH:0
DA:1,3
DA:2,3
DA:4,3
DA:47,3
LF:4
LH:4
BRF:0
BRH:0
end_of_record
TN:
SF:routes\menuRoutes.js
FNF:0
FNH:0
DA:1,3
DA:2,3
DA:5,3
DA:6,3
DA:9,3
DA:16,3
DA:19,3
DA:22,3
DA:29,3
DA:32,3
DA:35,3
DA:37,3
LF:12
LH:12
BRF:0
BRH:0
end_of_record
TN:
SF:routes\midtransRoutes.js
FNF:0
FNH:0
DA:1,3
DA:2,3
DA:3,3
DA:4,3
DA:8,3
DA:12,3
DA:16,3
DA:18,3
LF:8
LH:8
BRF:0
BRH:0
end_of_record
TN:
SF:routes\orderRoutes.js
FNF:0
FNH:0
DA:1,3
DA:2,3
DA:5,3
DA:6,3
DA:9,3
DA:12,3
DA:14,3
DA:15,3
DA:16,3
DA:21,3
DA:26,3
DA:28,3
LF:12
LH:12
BRF:0
BRH:0
end_of_record
TN:
SF:routes\topupRoutes.js
FNF:0
FNH:0
DA:1,3
DA:2,3
DA:3,3
DA:4,3
DA:7,3
DA:10,3
DA:13,3
DA:16,3
DA:19,3
DA:22,3
DA:25,3
DA:28,3
DA:30,3
LF:13
LH:13
BRF:0
BRH:0
end_of_record
